app/build/intermediates/manifest_merge_blame_file/debug/manifest-merger-blame-debug-report.txt
1<?xml version="1.0" encoding="utf-8"?>
2<manifest xmlns:android="http://schemas.android.com/apk/res/android"
3    package="com.synergyyy"
4    android:versionCode="8"
5    android:versionName="1.3" >
6
7    <uses-sdk
8        android:minSdkVersion="21"
8-->src/main/AndroidManifest.xml
9        android:targetSdkVersion="31" />
9-->src/main/AndroidManifest.xml
10
11    <uses-permission android:name="android.permission.RECEIVE_BOOT_COMPLETED" />
11-->src/main/AndroidManifest.xml:6:5-81
11-->src/main/AndroidManifest.xml:6:22-78
12    <uses-permission android:name="android.hardware.camera2.full" />
12-->src/main/AndroidManifest.xml:7:5-69
12-->src/main/AndroidManifest.xml:7:22-66
13    <uses-permission android:name="android.permission.INTERNET" />
13-->src/main/AndroidManifest.xml:8:5-67
13-->src/main/AndroidManifest.xml:8:22-64
14    <uses-permission android:name="android.permission.CAMERA" />
14-->src/main/AndroidManifest.xml:9:5-65
14-->src/main/AndroidManifest.xml:9:22-62
15    <uses-permission android:name="android.permission.ACCESS_FINE_LOCATION" />
15-->src/main/AndroidManifest.xml:10:5-79
15-->src/main/AndroidManifest.xml:10:22-76
16    <uses-permission android:name="com.example.permission.MAPS_RECEIVE" />
16-->src/main/AndroidManifest.xml:11:5-75
16-->src/main/AndroidManifest.xml:11:22-72
17    <uses-permission android:name="android.permission.ACCESS_NOTIFICATION_POLICY" />
17-->src/main/AndroidManifest.xml:12:5-85
17-->src/main/AndroidManifest.xml:12:22-82
18    <uses-permission android:name="com.google.android.providers.gsf.permission.READ_GSERVICES" />
18-->src/main/AndroidManifest.xml:13:5-98
18-->src/main/AndroidManifest.xml:13:22-95
19    <uses-permission android:name="android.permission.READ_EXTERNAL_STORAGE" />
19-->src/main/AndroidManifest.xml:14:5-80
19-->src/main/AndroidManifest.xml:14:22-77
20    <uses-permission android:name="com.google.android.c2dm.permission.RECEIVE" />
20-->src/main/AndroidManifest.xml:15:5-82
20-->src/main/AndroidManifest.xml:15:22-79
21    <uses-permission android:name="android.permission.WAKE_LOCK" />
21-->src/main/AndroidManifest.xml:16:5-68
21-->src/main/AndroidManifest.xml:16:22-65
22    <uses-permission android:name="android.permission.WRITE_EXTERNAL_STORAGE" />
22-->src/main/AndroidManifest.xml:17:5-81
22-->src/main/AndroidManifest.xml:17:22-78
23    <uses-permission android:name="android.permission.ACCESS_COARSE_LOCATION" />
23-->src/main/AndroidManifest.xml:18:5-81
23-->src/main/AndroidManifest.xml:18:22-78
24    <uses-permission android:name="android.permission.ACCESS_NETWORK_STATE" />
24-->src/main/AndroidManifest.xml:19:5-79
24-->src/main/AndroidManifest.xml:19:22-76
25    <uses-permission android:name="android.permission.FOREGROUND_SERVICE" />
25-->src/main/AndroidManifest.xml:20:5-77
25-->src/main/AndroidManifest.xml:20:22-74
26
27    <queries>
27-->[com.github.chuckerteam.chucker:library:3.4.0] AndroidManifest.xml:7:5-13:15
28        <intent>
28-->[com.github.chuckerteam.chucker:library:3.4.0] AndroidManifest.xml:8:9-12:18
29            <action android:name="android.intent.action.CREATE_DOCUMENT" />
29-->[com.github.chuckerteam.chucker:library:3.4.0] AndroidManifest.xml:9:13-76
29-->[com.github.chuckerteam.chucker:library:3.4.0] AndroidManifest.xml:9:21-73
30
31            <data android:mimeType="*/*" />
31-->src/main/AndroidManifest.xml:47:17-51:45
32        </intent>
33        <!-- Needs to be explicitly declared on Android R+ -->
34        <package android:name="com.google.android.apps.maps" />
34-->[com.google.android.gms:play-services-maps:18.0.1] AndroidManifest.xml:33:9-64
34-->[com.google.android.gms:play-services-maps:18.0.1] AndroidManifest.xml:33:18-61
35
36        <intent>
36-->[androidx.camera:camera-extensions:1.0.0-alpha32] AndroidManifest.xml:25:9-27:18
37            <action android:name="androidx.camera.extensions.action.VENDOR_ACTION" />
37-->[androidx.camera:camera-extensions:1.0.0-alpha32] AndroidManifest.xml:26:13-86
37-->[androidx.camera:camera-extensions:1.0.0-alpha32] AndroidManifest.xml:26:21-83
38        </intent>
39    </queries>
40
41    <uses-feature
41-->[com.google.android.gms:play-services-maps:18.0.1] AndroidManifest.xml:26:5-28:35
42        android:glEsVersion="0x00020000"
42-->[com.google.android.gms:play-services-maps:18.0.1] AndroidManifest.xml:27:9-41
43        android:required="true" />
43-->[com.google.android.gms:play-services-maps:18.0.1] AndroidManifest.xml:28:9-32
44
45    <uses-permission android:name="com.google.android.finsky.permission.BIND_GET_INSTALL_REFERRER_SERVICE" /> <!-- Include required permissions for Advertising Id -->
45-->[com.google.android.gms:play-services-measurement:20.0.2] AndroidManifest.xml:26:5-110
45-->[com.google.android.gms:play-services-measurement:20.0.2] AndroidManifest.xml:26:22-107
46    <uses-permission android:name="com.google.android.gms.permission.AD_ID" />
46-->[com.google.android.gms:play-services-ads-identifier:18.0.0] AndroidManifest.xml:23:5-79
46-->[com.google.android.gms:play-services-ads-identifier:18.0.0] AndroidManifest.xml:23:22-76
47
48    <application
48-->src/main/AndroidManifest.xml:22:5-222:19
49        android:allowBackup="true"
49-->src/main/AndroidManifest.xml:23:9-35
50        android:appComponentFactory="androidx.core.app.CoreComponentFactory"
50-->[androidx.core:core:1.7.0] AndroidManifest.xml:24:18-86
51        android:debuggable="true"
52        android:icon="@drawable/icmmslogo"
52-->src/main/AndroidManifest.xml:24:9-43
53        android:label="@string/app_name"
53-->src/main/AndroidManifest.xml:25:9-41
54        android:largeHeap="true"
54-->src/main/AndroidManifest.xml:26:9-33
55        android:networkSecurityConfig="@xml/security_config"
55-->src/main/AndroidManifest.xml:27:9-61
56        android:requestLegacyExternalStorage="true"
56-->src/main/AndroidManifest.xml:28:9-52
57        android:roundIcon="@drawable/icmmslogo"
57-->src/main/AndroidManifest.xml:29:9-48
58        android:supportsRtl="true"
58-->src/main/AndroidManifest.xml:30:9-35
59        android:testOnly="true"
60        android:theme="@style/Theme.LoginActivity" >
60-->src/main/AndroidManifest.xml:31:9-51
61        <activity
61-->src/main/AndroidManifest.xml:33:9-35:40
62            android:name="com.synergyyy.PredictiveMaintenence.CreatePredictiveActivity"
62-->src/main/AndroidManifest.xml:34:13-75
63            android:exported="false" />
63-->src/main/AndroidManifest.xml:35:13-37
64        <activity
64-->src/main/AndroidManifest.xml:36:9-53:20
65            android:name="com.synergyyy.General.NewPasswordActivity"
65-->src/main/AndroidManifest.xml:37:13-56
66            android:exported="true"
66-->src/main/AndroidManifest.xml:38:13-36
67            android:launchMode="singleTop"
67-->src/main/AndroidManifest.xml:39:13-43
68            android:screenOrientation="portrait" >
68-->src/main/AndroidManifest.xml:40:13-49
69            <intent-filter>
69-->src/main/AndroidManifest.xml:41:13-52:29
70                <action android:name="android.intent.action.VIEW" />
70-->src/main/AndroidManifest.xml:42:17-69
70-->src/main/AndroidManifest.xml:42:25-66
71
72                <category android:name="android.intent.category.DEFAULT" />
72-->src/main/AndroidManifest.xml:44:17-76
72-->src/main/AndroidManifest.xml:44:27-73
73                <category android:name="android.intent.category.BROWSABLE" />
73-->src/main/AndroidManifest.xml:45:17-78
73-->src/main/AndroidManifest.xml:45:27-75
74
75                <data
75-->src/main/AndroidManifest.xml:47:17-51:45
76                    android:host="103.26.41.230"
76-->src/main/AndroidManifest.xml:48:21-49
77                    android:path="/i-cmmstest/api/reset_password"
77-->src/main/AndroidManifest.xml:49:21-66
78                    android:port="8086"
78-->src/main/AndroidManifest.xml:50:21-40
79                    android:scheme="http" />
79-->src/main/AndroidManifest.xml:51:21-42
80            </intent-filter>
81        </activity>
82        <activity
82-->src/main/AndroidManifest.xml:54:9-57:52
83            android:name="com.synergyyy.SearchTasks.TaskSearchActivity"
83-->src/main/AndroidManifest.xml:55:13-59
84            android:launchMode="singleTop"
84-->src/main/AndroidManifest.xml:56:13-43
85            android:screenOrientation="portrait" />
85-->src/main/AndroidManifest.xml:57:13-49
86        <activity
86-->src/main/AndroidManifest.xml:58:9-61:52
87            android:name="com.synergyyy.SearchTasks.UploadImagesTaskActivity"
87-->src/main/AndroidManifest.xml:59:13-65
88            android:launchMode="singleTop"
88-->src/main/AndroidManifest.xml:60:13-43
89            android:screenOrientation="portrait" />
89-->src/main/AndroidManifest.xml:61:13-49
90        <activity
90-->src/main/AndroidManifest.xml:62:9-65:52
91            android:name="com.synergyyy.PurchaseOder.ViewPurchaseOnly"
91-->src/main/AndroidManifest.xml:63:13-58
92            android:launchMode="singleTop"
92-->src/main/AndroidManifest.xml:64:13-43
93            android:screenOrientation="portrait" />
93-->src/main/AndroidManifest.xml:65:13-49
94        <activity
94-->src/main/AndroidManifest.xml:66:9-69:52
95            android:name="com.synergyyy.UploadPdf.SearchForQuote"
95-->src/main/AndroidManifest.xml:67:13-53
96            android:launchMode="singleTop"
96-->src/main/AndroidManifest.xml:68:13-43
97            android:screenOrientation="portrait" />
97-->src/main/AndroidManifest.xml:69:13-49
98        <activity
98-->src/main/AndroidManifest.xml:70:9-73:52
99            android:name="com.synergyyy.SearchTasks.ImagesActivity"
99-->src/main/AndroidManifest.xml:71:13-55
100            android:launchMode="singleTop"
100-->src/main/AndroidManifest.xml:72:13-43
101            android:screenOrientation="portrait" />
101-->src/main/AndroidManifest.xml:73:13-49
102        <activity
102-->src/main/AndroidManifest.xml:74:9-77:52
103            android:name="com.synergyyy.General.MlQrScannerActivity"
103-->src/main/AndroidManifest.xml:75:13-56
104            android:launchMode="singleTop"
104-->src/main/AndroidManifest.xml:76:13-43
105            android:screenOrientation="portrait" />
105-->src/main/AndroidManifest.xml:77:13-49
106        <activity
106-->src/main/AndroidManifest.xml:78:9-87:20
107            android:name="com.synergyyy.Search.EditFaultOnSearchActivity"
107-->src/main/AndroidManifest.xml:79:13-61
108            android:launchMode="singleTop"
108-->src/main/AndroidManifest.xml:80:13-43
109            android:screenOrientation="portrait" >
109-->src/main/AndroidManifest.xml:81:13-49
110            <intent-filter>
110-->src/main/AndroidManifest.xml:82:13-86:29
111                <action android:name="EditFaultReportActivity" />
111-->src/main/AndroidManifest.xml:83:17-66
111-->src/main/AndroidManifest.xml:83:25-63
112
113                <category android:name="android.intent.category.DEFAULT" />
113-->src/main/AndroidManifest.xml:44:17-76
113-->src/main/AndroidManifest.xml:44:27-73
114            </intent-filter>
115        </activity>
116        <activity
116-->src/main/AndroidManifest.xml:88:9-91:52
117            android:name="com.synergyyy.SearchTasks.UploadImageTask"
117-->src/main/AndroidManifest.xml:89:13-56
118            android:launchMode="singleTop"
118-->src/main/AndroidManifest.xml:90:13-43
119            android:screenOrientation="portrait" />
119-->src/main/AndroidManifest.xml:91:13-49
120        <activity
120-->src/main/AndroidManifest.xml:92:9-95:52
121            android:name="com.synergyyy.Messages.ChatActivity"
121-->src/main/AndroidManifest.xml:93:13-50
122            android:launchMode="singleTop"
122-->src/main/AndroidManifest.xml:94:13-43
123            android:screenOrientation="portrait" />
123-->src/main/AndroidManifest.xml:95:13-49
124        <activity
124-->src/main/AndroidManifest.xml:96:9-99:52
125            android:name="com.synergyyy.Messages.MessagesActivity"
125-->src/main/AndroidManifest.xml:97:13-54
126            android:launchMode="singleTop"
126-->src/main/AndroidManifest.xml:98:13-43
127            android:screenOrientation="portrait" />
127-->src/main/AndroidManifest.xml:99:13-49
128        <activity
128-->src/main/AndroidManifest.xml:100:9-103:52
129            android:name="com.synergyyy.General.MyBaseActivity"
129-->src/main/AndroidManifest.xml:101:13-51
130            android:launchMode="singleTop"
130-->src/main/AndroidManifest.xml:102:13-43
131            android:screenOrientation="portrait" />
131-->src/main/AndroidManifest.xml:103:13-49
132        <activity
132-->src/main/AndroidManifest.xml:104:9-107:52
133            android:name="com.synergyyy.ScanLocation.ScanLocation"
133-->src/main/AndroidManifest.xml:105:13-54
134            android:launchMode="singleTop"
134-->src/main/AndroidManifest.xml:106:13-43
135            android:screenOrientation="portrait" />
135-->src/main/AndroidManifest.xml:107:13-49
136        <activity
136-->src/main/AndroidManifest.xml:108:9-116:20
137            android:name="com.synergyyy.General.SplashScreenActivity"
137-->src/main/AndroidManifest.xml:109:13-57
138            android:screenOrientation="portrait" >
138-->src/main/AndroidManifest.xml:110:13-49
139            <intent-filter>
139-->src/main/AndroidManifest.xml:111:13-115:29
140                <action android:name="android.intent.action.MAIN" />
140-->src/main/AndroidManifest.xml:112:17-69
140-->src/main/AndroidManifest.xml:112:25-66
141
142                <category android:name="android.intent.category.LAUNCHER" />
142-->src/main/AndroidManifest.xml:114:17-77
142-->src/main/AndroidManifest.xml:114:27-74
143            </intent-filter>
144        </activity>
145        <activity
145-->src/main/AndroidManifest.xml:117:9-120:52
146            android:name="com.synergyyy.SearchTasks.SearchTaskActivity"
146-->src/main/AndroidManifest.xml:118:13-59
147            android:launchMode="singleTop"
147-->src/main/AndroidManifest.xml:119:13-43
148            android:screenOrientation="portrait" />
148-->src/main/AndroidManifest.xml:120:13-49
149        <activity
149-->src/main/AndroidManifest.xml:121:9-130:20
150            android:name="com.synergyyy.PurchaseOder.UploadPurchasePdf"
150-->src/main/AndroidManifest.xml:122:13-59
151            android:launchMode="singleTop"
151-->src/main/AndroidManifest.xml:123:13-43
152            android:screenOrientation="portrait" >
152-->src/main/AndroidManifest.xml:124:13-49
153            <intent-filter>
153-->src/main/AndroidManifest.xml:125:13-129:29
154                <action android:name="PurchaseOrderActivity" />
154-->src/main/AndroidManifest.xml:126:17-64
154-->src/main/AndroidManifest.xml:126:25-61
155
156                <category android:name="android.intent.category.DEFAULT" />
156-->src/main/AndroidManifest.xml:44:17-76
156-->src/main/AndroidManifest.xml:44:27-73
157            </intent-filter>
158        </activity>
159        <activity
159-->src/main/AndroidManifest.xml:131:9-134:52
160            android:name="com.synergyyy.PurchaseOder.SearchForPurchase"
160-->src/main/AndroidManifest.xml:132:13-59
161            android:launchMode="singleTop"
161-->src/main/AndroidManifest.xml:133:13-43
162            android:screenOrientation="portrait" />
162-->src/main/AndroidManifest.xml:134:13-49
163        <activity
163-->src/main/AndroidManifest.xml:135:9-138:52
164            android:name="com.synergyyy.Otp.OtpActivity"
164-->src/main/AndroidManifest.xml:136:13-44
165            android:launchMode="singleTop"
165-->src/main/AndroidManifest.xml:137:13-43
166            android:screenOrientation="portrait" />
166-->src/main/AndroidManifest.xml:138:13-49
167        <activity
167-->src/main/AndroidManifest.xml:139:9-142:52
168            android:name="com.synergyyy.Search.UploadFile"
168-->src/main/AndroidManifest.xml:140:13-46
169            android:launchMode="singleTop"
169-->src/main/AndroidManifest.xml:141:13-43
170            android:screenOrientation="portrait" />
170-->src/main/AndroidManifest.xml:142:13-49
171        <activity
171-->src/main/AndroidManifest.xml:143:9-146:52
172            android:name="com.synergyyy.Search.EditFaultReportActivity"
172-->src/main/AndroidManifest.xml:144:13-59
173            android:launchMode="singleTop"
173-->src/main/AndroidManifest.xml:145:13-43
174            android:screenOrientation="portrait" />
174-->src/main/AndroidManifest.xml:146:13-49
175        <activity
175-->src/main/AndroidManifest.xml:147:9-150:52
176            android:name="com.synergyyy.Setting.SettingActivity"
176-->src/main/AndroidManifest.xml:148:13-52
177            android:launchMode="singleTop"
177-->src/main/AndroidManifest.xml:149:13-43
178            android:screenOrientation="portrait" />
178-->src/main/AndroidManifest.xml:150:13-49
179        <activity
179-->src/main/AndroidManifest.xml:151:9-154:52
180            android:name="com.synergyyy.EquipmentSearch.CheckListActivity"
180-->src/main/AndroidManifest.xml:152:13-62
181            android:launchMode="singleTop"
181-->src/main/AndroidManifest.xml:153:13-43
182            android:screenOrientation="portrait" />
182-->src/main/AndroidManifest.xml:154:13-49
183        <activity
183-->src/main/AndroidManifest.xml:155:9-163:20
184            android:name="com.synergyyy.UploadPdf.UploadPdf"
184-->src/main/AndroidManifest.xml:156:13-48
185            android:screenOrientation="portrait" >
185-->src/main/AndroidManifest.xml:157:13-49
186            <intent-filter>
186-->src/main/AndroidManifest.xml:158:13-162:29
187                <action android:name="UploadQuotationActivity" />
187-->src/main/AndroidManifest.xml:159:17-66
187-->src/main/AndroidManifest.xml:159:25-63
188
189                <category android:name="android.intent.category.DEFAULT" />
189-->src/main/AndroidManifest.xml:44:17-76
189-->src/main/AndroidManifest.xml:44:27-73
190            </intent-filter>
191        </activity>
192        <activity
192-->src/main/AndroidManifest.xml:164:9-173:20
193            android:name="com.synergyyy.EquipmentSearch.PmTaskActivity"
193-->src/main/AndroidManifest.xml:165:13-59
194            android:launchMode="singleTop"
194-->src/main/AndroidManifest.xml:166:13-43
195            android:screenOrientation="portrait" >
195-->src/main/AndroidManifest.xml:167:13-49
196            <intent-filter>
196-->src/main/AndroidManifest.xml:168:13-172:29
197                <action android:name="PmTaskActivity" />
197-->src/main/AndroidManifest.xml:169:17-57
197-->src/main/AndroidManifest.xml:169:25-54
198
199                <category android:name="android.intent.category.DEFAULT" />
199-->src/main/AndroidManifest.xml:44:17-76
199-->src/main/AndroidManifest.xml:44:27-73
200            </intent-filter>
201        </activity>
202        <activity
202-->src/main/AndroidManifest.xml:174:9-177:52
203            android:name="com.synergyyy.Search.EquipmentSearchActivityforEdit"
203-->src/main/AndroidManifest.xml:175:13-66
204            android:launchMode="singleTop"
204-->src/main/AndroidManifest.xml:176:13-43
205            android:screenOrientation="portrait" />
205-->src/main/AndroidManifest.xml:177:13-49
206        <activity
206-->src/main/AndroidManifest.xml:178:9-182:51
207            android:name="com.synergyyy.General.MainActivityLogin"
207-->src/main/AndroidManifest.xml:179:13-54
208            android:exported="true"
208-->src/main/AndroidManifest.xml:180:13-36
209            android:launchMode="singleTop"
209-->src/main/AndroidManifest.xml:181:13-43
210            android:screenOrientation="portrait" />
210-->src/main/AndroidManifest.xml:182:13-49
211        <activity
211-->src/main/AndroidManifest.xml:183:9-186:52
212            android:name="com.synergyyy.EquipmentSearch.EquipmentScanActivity"
212-->src/main/AndroidManifest.xml:184:13-66
213            android:launchMode="singleTop"
213-->src/main/AndroidManifest.xml:185:13-43
214            android:screenOrientation="portrait" />
214-->src/main/AndroidManifest.xml:186:13-49
215        <activity
215-->src/main/AndroidManifest.xml:187:9-190:52
216            android:name="com.synergyyy.Search.Search"
216-->src/main/AndroidManifest.xml:188:13-42
217            android:launchMode="singleTop"
217-->src/main/AndroidManifest.xml:189:13-43
218            android:screenOrientation="portrait" />
218-->src/main/AndroidManifest.xml:190:13-49
219        <activity
219-->src/main/AndroidManifest.xml:191:9-194:52
220            android:name="com.synergyyy.EquipmentSearch.QrDetails"
220-->src/main/AndroidManifest.xml:192:13-54
221            android:launchMode="singleTop"
221-->src/main/AndroidManifest.xml:193:13-43
222            android:screenOrientation="portrait" />
222-->src/main/AndroidManifest.xml:194:13-49
223        <activity
223-->src/main/AndroidManifest.xml:195:9-198:52
224            android:name="com.synergyyy.FaultReport.FaultReportActivity"
224-->src/main/AndroidManifest.xml:196:13-60
225            android:launchMode="singleTop"
225-->src/main/AndroidManifest.xml:197:13-43
226            android:screenOrientation="portrait" />
226-->src/main/AndroidManifest.xml:198:13-49
227        <activity
227-->src/main/AndroidManifest.xml:199:9-202:52
228            android:name="com.synergyyy.Workspace.WorkspaceActivity"
228-->src/main/AndroidManifest.xml:200:13-56
229            android:launchMode="singleTop"
229-->src/main/AndroidManifest.xml:201:13-43
230            android:screenOrientation="portrait" />
230-->src/main/AndroidManifest.xml:202:13-49
231
232        <service android:name="com.synergyyy.Services.MyFirebaseInstanceService" >
232-->src/main/AndroidManifest.xml:204:9-209:19
232-->src/main/AndroidManifest.xml:204:18-68
233            <intent-filter>
233-->src/main/AndroidManifest.xml:205:13-208:29
234                <action android:name="com.google.firebase.MESSAGING_EVENT" />
234-->src/main/AndroidManifest.xml:206:17-78
234-->src/main/AndroidManifest.xml:206:25-75
235                <action android:name="com.google.firebase.INSTANCE_ID_EVENT" />
235-->src/main/AndroidManifest.xml:207:17-80
235-->src/main/AndroidManifest.xml:207:25-77
236            </intent-filter>
237        </service>
238        <!--
239        <service
240            android:name="com.synergyyy.General.LocationService"
241            android:enabled="true"
242            android:exported="false" />
243        -->
244        <meta-data
244-->src/main/AndroidManifest.xml:216:9-218:57
245            android:name="preloaded_fonts"
245-->src/main/AndroidManifest.xml:217:13-43
246            android:resource="@array/preloaded_fonts" />
246-->src/main/AndroidManifest.xml:218:13-54
247        <meta-data
247-->src/main/AndroidManifest.xml:219:9-221:39
248            android:name="com.onesignal.BadgeCount"
248-->src/main/AndroidManifest.xml:220:13-52
249            android:value="DISABLE" />
249-->src/main/AndroidManifest.xml:221:13-36
250
251        <activity
251-->[com.github.chuckerteam.chucker:library:3.4.0] AndroidManifest.xml:16:9-21:52
252            android:name="com.chuckerteam.chucker.internal.ui.MainActivity"
252-->[com.github.chuckerteam.chucker:library:3.4.0] AndroidManifest.xml:17:13-76
253            android:label="@string/chucker_name"
253-->[com.github.chuckerteam.chucker:library:3.4.0] AndroidManifest.xml:18:13-49
254            android:launchMode="singleTask"
254-->[com.github.chuckerteam.chucker:library:3.4.0] AndroidManifest.xml:19:13-44
255            android:taskAffinity="com.chuckerteam.chucker.task"
255-->[com.github.chuckerteam.chucker:library:3.4.0] AndroidManifest.xml:20:13-64
256            android:theme="@style/Chucker.Theme" />
256-->[com.github.chuckerteam.chucker:library:3.4.0] AndroidManifest.xml:21:13-49
257        <activity
257-->[com.github.chuckerteam.chucker:library:3.4.0] AndroidManifest.xml:22:9-25:52
258            android:name="com.chuckerteam.chucker.internal.ui.transaction.TransactionActivity"
258-->[com.github.chuckerteam.chucker:library:3.4.0] AndroidManifest.xml:23:13-95
259            android:parentActivityName="com.chuckerteam.chucker.internal.ui.MainActivity"
259-->[com.github.chuckerteam.chucker:library:3.4.0] AndroidManifest.xml:24:13-90
260            android:theme="@style/Chucker.Theme" />
260-->[com.github.chuckerteam.chucker:library:3.4.0] AndroidManifest.xml:25:13-49
261        <activity
261-->[com.github.chuckerteam.chucker:library:3.4.0] AndroidManifest.xml:26:9-29:52
262            android:name="com.chuckerteam.chucker.internal.ui.throwable.ThrowableActivity"
262-->[com.github.chuckerteam.chucker:library:3.4.0] AndroidManifest.xml:27:13-91
263            android:parentActivityName="com.chuckerteam.chucker.internal.ui.MainActivity"
263-->[com.github.chuckerteam.chucker:library:3.4.0] AndroidManifest.xml:28:13-90
264            android:theme="@style/Chucker.Theme" />
264-->[com.github.chuckerteam.chucker:library:3.4.0] AndroidManifest.xml:29:13-49
265
266        <service
266-->[com.github.chuckerteam.chucker:library:3.4.0] AndroidManifest.xml:31:9-33:40
267            android:name="com.chuckerteam.chucker.internal.support.ClearDatabaseService"
267-->[com.github.chuckerteam.chucker:library:3.4.0] AndroidManifest.xml:32:13-89
268            android:exported="false" />
268-->[com.github.chuckerteam.chucker:library:3.4.0] AndroidManifest.xml:33:13-37
269
270        <provider
270-->[com.github.chuckerteam.chucker:library:3.4.0] AndroidManifest.xml:35:9-43:20
271            android:name="com.chuckerteam.chucker.internal.support.ChuckerFileProvider"
271-->[com.github.chuckerteam.chucker:library:3.4.0] AndroidManifest.xml:36:13-88
272            android:authorities="com.synergyyy.com.chuckerteam.chucker.provider"
272-->[com.github.chuckerteam.chucker:library:3.4.0] AndroidManifest.xml:37:13-84
273            android:exported="false"
273-->[com.github.chuckerteam.chucker:library:3.4.0] AndroidManifest.xml:38:13-37
274            android:grantUriPermissions="true" >
274-->[com.github.chuckerteam.chucker:library:3.4.0] AndroidManifest.xml:39:13-47
275            <meta-data
275-->[com.github.chuckerteam.chucker:library:3.4.0] AndroidManifest.xml:40:13-42:66
276                android:name="android.support.FILE_PROVIDER_PATHS"
276-->[com.github.chuckerteam.chucker:library:3.4.0] AndroidManifest.xml:41:17-67
277                android:resource="@xml/chucker_provider_paths" />
277-->[com.github.chuckerteam.chucker:library:3.4.0] AndroidManifest.xml:42:17-63
278        </provider> <!-- Needs to be explicitly declared on P+ -->
279        <uses-library
279-->[com.google.android.gms:play-services-maps:18.0.1] AndroidManifest.xml:39:9-41:40
280            android:name="org.apache.http.legacy"
280-->[com.google.android.gms:play-services-maps:18.0.1] AndroidManifest.xml:40:13-50
281            android:required="false" />
281-->[com.google.android.gms:play-services-maps:18.0.1] AndroidManifest.xml:41:13-37
282
283        <receiver
283-->[com.google.firebase:firebase-messaging:23.0.0] AndroidManifest.xml:28:9-35:20
284            android:name="com.google.firebase.iid.FirebaseInstanceIdReceiver"
284-->[com.google.firebase:firebase-messaging:23.0.0] AndroidManifest.xml:29:13-78
285            android:exported="true"
285-->[com.google.firebase:firebase-messaging:23.0.0] AndroidManifest.xml:30:13-36
286            android:permission="com.google.android.c2dm.permission.SEND" >
286-->[com.google.firebase:firebase-messaging:23.0.0] AndroidManifest.xml:31:13-73
287            <intent-filter>
287-->[com.google.firebase:firebase-messaging:23.0.0] AndroidManifest.xml:32:13-34:29
288                <action android:name="com.google.android.c2dm.intent.RECEIVE" />
288-->[com.google.firebase:firebase-messaging:23.0.0] AndroidManifest.xml:33:17-81
288-->[com.google.firebase:firebase-messaging:23.0.0] AndroidManifest.xml:33:25-78
289            </intent-filter>
290        </receiver>
291        <!--
292             FirebaseMessagingService performs security checks at runtime,
293             but set to not exported to explicitly avoid allowing another app to call it.
294        -->
295        <service
295-->[com.google.firebase:firebase-messaging:23.0.0] AndroidManifest.xml:41:9-48:19
296            android:name="com.google.firebase.messaging.FirebaseMessagingService"
296-->[com.google.firebase:firebase-messaging:23.0.0] AndroidManifest.xml:42:13-82
297            android:directBootAware="true"
297-->[com.google.firebase:firebase-messaging:23.0.0] AndroidManifest.xml:43:13-43
298            android:exported="false" >
298-->[com.google.firebase:firebase-messaging:23.0.0] AndroidManifest.xml:44:13-37
299            <intent-filter android:priority="-500" >
299-->[com.google.firebase:firebase-messaging:23.0.0] AndroidManifest.xml:45:13-47:29
299-->[com.google.firebase:firebase-messaging:23.0.0] AndroidManifest.xml:45:28-51
300                <action android:name="com.google.firebase.MESSAGING_EVENT" />
300-->src/main/AndroidManifest.xml:206:17-78
300-->src/main/AndroidManifest.xml:206:25-75
301            </intent-filter>
302        </service>
303        <service
303-->[com.google.firebase:firebase-messaging:23.0.0] AndroidManifest.xml:49:9-55:19
304            android:name="com.google.firebase.components.ComponentDiscoveryService"
304-->[com.google.firebase:firebase-messaging:23.0.0] AndroidManifest.xml:50:13-84
305            android:directBootAware="true"
305-->[com.google.firebase:firebase-common:20.0.0] AndroidManifest.xml:35:13-43
306            android:exported="false" >
306-->[com.google.firebase:firebase-messaging:23.0.0] AndroidManifest.xml:51:13-37
307            <meta-data
307-->[com.google.firebase:firebase-messaging:23.0.0] AndroidManifest.xml:52:13-54:85
308                android:name="com.google.firebase.components:com.google.firebase.messaging.FirebaseMessagingRegistrar"
308-->[com.google.firebase:firebase-messaging:23.0.0] AndroidManifest.xml:53:17-119
309                android:value="com.google.firebase.components.ComponentRegistrar" />
309-->[com.google.firebase:firebase-messaging:23.0.0] AndroidManifest.xml:54:17-82
310            <meta-data